[ERROR] 2016-05-16 23:59:35.608 [main] Main - Wrong stone information in file
[ERROR] 2016-05-17 23:53:05.668 [main] Main - Wrong interval information in file
[ERROR] 2016-05-18 00:58:07.350 [main] Main - Wrong stone information in file
[ERROR] 2016-05-18 01:01:26.663 [main] Main - Wrong interval information in file
[ERROR] 2016-05-18 16:42:33.172 [main] Main - Wrong interval information in file
[ERROR] 2016-05-19 23:36:56.571 [main] Main - Empty stone file: /Users/Ekaterina/IdeaProjects/HTP5_Necklace/resource/stones.txt
[ERROR] 2016-05-19 23:50:24.135 [main] Main - Empty stone file: /Users/Ekaterina/IdeaProjects/HTP5_Necklace/resource/stones.txt
[ERROR] 2016-05-19 23:57:20.367 [main] Main - Empty stone file: /Users/Ekaterina/IdeaProjects/HTP5_Necklace/resource/stones.txt
[ERROR] 2016-05-19 23:59:59.800 [main] Main - Empty stone file: /Users/Ekaterina/IdeaProjects/HTP5_Necklace/resource/stones.txt
[ERROR] 2016-05-20 00:23:14.220 [main] Main - Empty stone file: /Users/Ekaterina/IdeaProjects/HTP5_Necklace/resource/stones.txt
[ERROR] 2016-05-20 00:23:43.177 [main] Main - Empty stone file: /Users/Ekaterina/IdeaProjects/HTP5_Necklace/resource/stones.txt
[ERROR] 2016-05-20 00:25:23.546 [main] Main - Empty stone file: /Users/Ekaterina/IdeaProjects/HTP5_Necklace/resource/stones.txt
[ERROR] 2016-05-20 00:36:51.166 [main] Main - Error while reading file: /Users/Ekaterina/IdeaProjects/HTP5_Necklace/resource/stone.txt
[ERROR] 2016-05-20 00:38:28.233 [main] Main - Error while reading file: /Users/Ekaterina/IdeaProjects/HTP5_Necklace/resource/stone.txt
[ERROR] 2016-05-20 10:38:47.630 [main] Main - Error while reading file: /Users/Ekaterina/IdeaProjects/HTP5_Necklace/resource/stone.txt
[ERROR] 2016-05-20 10:39:10.399 [main] Main - Wrong stone information in file
[ERROR] 2016-05-20 10:40:26.596 [main] Main - Wrong stone information in file
[ERROR] 2016-05-20 10:40:26.620 [main] Main - Wrong stone information in file
[ERROR] 2016-05-20 10:41:08.235 [main] Main - Wrong stone information in file
[ERROR] 2016-05-20 10:41:08.299 [main] Main - Wrong stone information in file
[ERROR] 2016-05-20 13:25:43.503 [main] Main - Wrong stone information in file
[ERROR] 2016-05-20 13:25:43.537 [main] Main - Wrong stone information in file
[ERROR] 2016-05-20 13:25:43.537 [main] Main - Wrong stone information in file
[ERROR] 2016-05-20 15:38:01.343 [main] Main - Wrong stone information in file
[ERROR] 2016-05-20 15:38:01.435 [main] Main - Wrong stone information in file
[ERROR] 2016-05-20 15:38:01.435 [main] Main - Wrong stone information in file
[ERROR] 2016-05-20 15:38:01.686 [main] Main - Empty interval file: /Users/Ekaterina/IdeaProjects/HTP5_Necklace/resource/interval.txt
[ERROR] 2016-05-20 15:45:21.596 [main] Main - Wrong stone information in file
[ERROR] 2016-05-20 15:45:21.652 [main] Main - Wrong stone information in file
[ERROR] 2016-05-20 15:45:21.652 [main] Main - Wrong stone information in file
[ERROR] 2016-05-20 15:45:21.910 [main] Main - Empty interval file: /Users/Ekaterina/IdeaProjects/HTP5_Necklace/resource/interval.txt
[ERROR] 2016-05-20 15:48:30.455 [main] Main - Wrong stone information in file
[ERROR] 2016-05-20 15:48:30.465 [main] Main - Wrong stone information in file
[ERROR] 2016-05-20 15:48:30.465 [main] Main - Wrong stone information in file
[ERROR] 2016-05-20 15:48:30.538 [main] Main - Wrong interval information in file
[ERROR] 2016-05-20 15:49:21.478 [main] Main - Wrong stone information in file
[ERROR] 2016-05-20 15:49:21.502 [main] Main - Wrong stone information in file
[ERROR] 2016-05-20 15:49:21.502 [main] Main - Wrong stone information in file
[ERROR] 2016-05-20 15:49:21.561 [main] Main - Error: too much information in interval file:/Users/Ekaterina/IdeaProjects/HTP5_Necklace/resource/interval.txt
[ERROR] 2016-05-20 15:51:21.677 [main] Main - Wrong stone information in file
[ERROR] 2016-05-20 15:51:21.710 [main] Main - Wrong stone information in file
[ERROR] 2016-05-20 15:51:21.710 [main] Main - Wrong stone information in file
[ERROR] 2016-05-20 15:51:21.974 [main] Main - Error: too much information in interval file:/Users/Ekaterina/IdeaProjects/HTP5_Necklace/resource/interval.txt
[ERROR] 2016-05-20 15:53:42.420 [main] Main - Wrong stone information in file
[ERROR] 2016-05-20 15:53:42.434 [main] Main - Wrong stone information in file
[ERROR] 2016-05-20 15:53:42.434 [main] Main - Wrong stone information in file
[ERROR] 2016-05-20 15:53:42.532 [main] Main - Error: too much information in interval file:/Users/Ekaterina/IdeaProjects/HTP5_Necklace/resource/interval.txt
[ERROR] 2016-05-20 15:56:37.735 [main] Main - Wrong stone information in file
[ERROR] 2016-05-20 15:56:37.753 [main] Main - Wrong stone information in file
[ERROR] 2016-05-20 15:56:37.753 [main] Main - Wrong stone information in file
[ERROR] 2016-05-20 15:56:37.887 [main] Main - Error: too much information in interval file:/Users/Ekaterina/IdeaProjects/HTP5_Necklace/resource/interval.txt
[ERROR] 2016-05-20 16:18:21.802 [main] Main - Wrong stone information in file
[ERROR] 2016-05-20 16:18:21.838 [main] Main - Wrong stone information in file
[ERROR] 2016-05-20 16:18:43.346 [main] Main - Wrong stone information in file
[ERROR] 2016-05-20 16:18:43.373 [main] Main - Wrong stone information in file
[ERROR] 2016-05-20 16:18:43.421 [main] Main - Empty necklace file: /Users/Ekaterina/IdeaProjects/HTP5_Necklace/resource/necklace.txt
[ERROR] 2016-05-20 16:19:06.905 [main] Main - Wrong stone information in file
[ERROR] 2016-05-20 16:19:06.941 [main] Main - Wrong stone information in file
[ERROR] 2016-05-20 16:19:06.989 [main] Main - Error: too much information in necklace file:/Users/Ekaterina/IdeaProjects/HTP5_Necklace/resource/necklace.txt
[ERROR] 2016-06-06 23:50:53.579 [main] Main - Error while reading file: /Users/Ekaterina/IdeaProjects/HTP5_Necklace/resource/stone.txt
[ERROR] 2016-06-06 23:52:45.334 [main] Main - Wrong stone information in file
[ERROR] 2016-06-06 23:52:45.358 [main] Main - Wrong stone information in file
[ERROR] 2016-06-06 23:56:03.717 [main] Main - Wrong stone information in file
[ERROR] 2016-06-06 23:56:03.755 [main] Main - Wrong stone information in file
[ERROR] 2016-06-06 23:56:32.608 [main] Main - Wrong stone information in file
[ERROR] 2016-06-06 23:56:32.645 [main] Main - Wrong stone information in file
[ERROR] 2016-06-06 23:58:55.757 [main] Main - Wrong stone information in file
[ERROR] 2016-06-06 23:58:55.806 [main] Main - Wrong stone information in file
[ERROR] 2016-06-07 00:03:16.447 [main] Main - Wrong stone information in file
[ERROR] 2016-06-07 00:03:16.494 [main] Main - Wrong stone information in file
[ERROR] 2016-06-07 00:33:28.095 [main] Main - Wrong stone information in file
[ERROR] 2016-06-07 00:33:28.127 [main] Main - Wrong stone information in file
[ERROR] 2016-06-07 00:35:36.834 [main] Main - Wrong stone information in file
[ERROR] 2016-06-07 00:35:36.856 [main] Main - Wrong stone information in file
[ERROR] 2016-06-07 00:36:08.338 [main] Main - Wrong stone information in file
[ERROR] 2016-06-07 00:36:08.340 [main] Main - Wrong stone information in file
[ERROR] 2016-06-07 00:39:08.790 [main] Main - Wrong stone information in file
[ERROR] 2016-06-07 00:39:08.812 [main] Main - Wrong stone information in file
[ERROR] 2016-06-07 01:11:25.880 [main] main - Wrong information in interval file
[ERROR] 2016-06-07 01:20:48.814 [main] PreciousStoneCreator - Wrong stone information in file
[ERROR] 2016-06-07 01:20:48.860 [main] PreciousStoneCreator - Wrong stone information in file
[ERROR] 2016-06-07 01:20:49.091 [main] ReportWriter - Wrong information in interval file
[ERROR] 2016-06-07 19:06:27.635 [main] StoneParser - Wrong stone information in file
[ERROR] 2016-06-07 19:06:27.694 [main] StoneParser - Wrong stone information in file
[ERROR] 2016-06-08 00:58:39.003 [main] StoneParser - Wrong stone information in file
[ERROR] 2016-06-08 00:58:39.021 [main] StoneParser - Wrong stone information in file
[ERROR] 2016-06-08 00:58:39.145 [main] IntervalReader - Empty interval file: /Users/Ekaterina/IdeaProjects/HTP5_Necklace/resource/interval.txt
[ERROR] 2016-06-08 00:58:39.160 [main] ReportWriter - Wrong information in interval file
[ERROR] 2016-06-08 01:00:38.968 [main] StoneParser - Wrong stone information in file
[ERROR] 2016-06-08 01:00:39.016 [main] StoneParser - Wrong stone information in file
[ERROR] 2016-06-08 01:00:39.216 [main] IntervalReader - Empty interval file: /Users/Ekaterina/IdeaProjects/HTP5_Necklace/resource/interval.txt
[ERROR] 2016-06-13 11:33:21.796 [main] StoneParser - Wrong stone information in file
[ERROR] 2016-06-13 11:33:21.838 [main] StoneParser - Wrong stone information in file
[ERROR] 2016-06-13 11:33:21.994 [main] IntervalReader - Empty interval file: /Users/Ekaterina/IdeaProjects/HTP5_Necklace/resource/interval.txt
[ERROR] 2016-06-13 11:33:50.076 [main] StoneParser - Wrong stone information in file
[ERROR] 2016-06-13 11:33:50.078 [main] StoneParser - Wrong stone information in file
[ERROR] 2016-06-13 11:34:04.708 [main] StoneParser - Wrong stone information in file
[ERROR] 2016-06-13 11:34:04.709 [main] StoneParser - Wrong stone information in file
[ERROR] 2016-06-13 11:35:24.208 [main] StoneParser - Wrong stone information in file
[ERROR] 2016-06-13 11:35:24.246 [main] StoneParser - Wrong stone information in file
[ERROR] 2016-06-13 11:36:03.720 [main] StoneParser - Wrong stone information in file
[ERROR] 2016-06-13 11:36:03.722 [main] StoneParser - Wrong stone information in file
[ERROR] 2016-06-13 11:36:39.437 [main] StoneParser - Wrong stone information in file
[ERROR] 2016-06-13 11:36:39.439 [main] StoneParser - Wrong stone information in file
[ERROR] 2016-06-13 11:36:39.440 [main] NecklaceReader - Error: too much information in necklace file:/Users/Ekaterina/IdeaProjects/HTP5_Necklace/resource/necklace.txt
[ERROR] 2016-06-13 11:37:56.079 [main] StoneParser - Wrong stone information in file
[ERROR] 2016-06-13 11:37:56.113 [main] StoneParser - Wrong stone information in file
[ERROR] 2016-06-13 11:38:48.314 [main] StoneParser - Wrong stone information in file
[ERROR] 2016-06-13 11:38:48.338 [main] StoneParser - Wrong stone information in file
[ERROR] 2016-06-13 11:38:48.340 [main] NecklaceReader - Empty necklace file: /Users/Ekaterina/IdeaProjects/HTP5_Necklace/resource/necklace.txt
[ERROR] 2016-06-13 11:39:48.616 [main] StoneReader - Empty stone file: /Users/Ekaterina/IdeaProjects/HTP5_Necklace/resource/stones.txt
[ERROR] 2016-06-13 11:42:12.305 [main] StoneReader - Empty stone file: /Users/Ekaterina/IdeaProjects/HTP5_Necklace/resource/stones.txt
[ERROR] 2016-06-13 11:42:35.213 [main] StoneReader - Empty stone file: /Users/Ekaterina/IdeaProjects/HTP5_Necklace/resource/stones.txt
[ERROR] 2016-06-13 11:42:35.217 [main] NecklaceReader - Empty necklace file: /Users/Ekaterina/IdeaProjects/HTP5_Necklace/resource/necklace.txt
